mode: set
github.com/nXnus25/dependencies-yaml/dependecy.go:49.68,51.2 1 1
github.com/nXnus25/dependencies-yaml/dependecy.go:55.69,59.2 3 1
github.com/nXnus25/dependencies-yaml/dependecy.go:62.45,69.16 3 1
github.com/nXnus25/dependencies-yaml/dependecy.go:72.2,75.16 3 1
github.com/nXnus25/dependencies-yaml/dependecy.go:79.2,79.59 1 1
github.com/nXnus25/dependencies-yaml/dependecy.go:69.16,71.3 1 0
github.com/nXnus25/dependencies-yaml/dependecy.go:75.16,77.3 1 0
github.com/nXnus25/dependencies-yaml/dependecy.go:79.59,81.3 1 0
github.com/nXnus25/dependencies-yaml/dependecy.go:81.8,83.3 1 1
github.com/nXnus25/dependencies-yaml/dependecy.go:88.65,93.16 4 1
github.com/nXnus25/dependencies-yaml/dependecy.go:97.2,97.15 1 1
github.com/nXnus25/dependencies-yaml/dependecy.go:93.16,95.3 1 0
github.com/nXnus25/dependencies-yaml/dependecy.go:113.35,115.2 1 1
github.com/nXnus25/dependencies-yaml/dependecy.go:117.37,119.2 1 0
github.com/nXnus25/dependencies-yaml/dependecy.go:149.43,150.11 1 1
github.com/nXnus25/dependencies-yaml/dependecy.go:151.36,152.18 1 1
github.com/nXnus25/dependencies-yaml/dependecy.go:153.15,154.18 1 1
github.com/nXnus25/dependencies-yaml/dependecy.go:155.35,156.25 1 1
github.com/nXnus25/dependencies-yaml/dependecy.go:157.29,158.25 1 1
github.com/nXnus25/dependencies-yaml/dependecy.go:159.17,160.25 1 1
github.com/nXnus25/dependencies-yaml/dependecy.go:161.16,162.25 1 1
github.com/nXnus25/dependencies-yaml/dependecy.go:163.18,164.25 1 1
github.com/nXnus25/dependencies-yaml/dependecy.go:165.15,166.25 1 1
github.com/nXnus25/dependencies-yaml/dependecy.go:167.18,168.34 1 1
github.com/nXnus25/dependencies-yaml/dependecy.go:169.17,170.34 1 1
github.com/nXnus25/dependencies-yaml/dependecy.go:171.26,172.34 1 1
github.com/nXnus25/dependencies-yaml/dependecy.go:173.24,174.34 1 1
github.com/nXnus25/dependencies-yaml/dependecy.go:175.22,176.28 1 1
github.com/nXnus25/dependencies-yaml/dependecy.go:177.15,178.28 1 1
github.com/nXnus25/dependencies-yaml/dependecy.go:179.25,180.28 1 1
github.com/nXnus25/dependencies-yaml/dependecy.go:181.27,182.28 1 1
github.com/nXnus25/dependencies-yaml/dependecy.go:183.34,184.20 1 1
github.com/nXnus25/dependencies-yaml/dependecy.go:185.32,186.20 1 1
github.com/nXnus25/dependencies-yaml/dependecy.go:187.13,188.20 1 1
github.com/nXnus25/dependencies-yaml/dependecy.go:189.36,190.20 1 1
github.com/nXnus25/dependencies-yaml/dependecy.go:191.10,192.31 1 0
github.com/nXnus25/dependencies-yaml/dependecy.go:196.35,197.11 1 1
github.com/nXnus25/dependencies-yaml/dependecy.go:198.36,199.40 1 1
github.com/nXnus25/dependencies-yaml/dependecy.go:200.15,201.19 1 1
github.com/nXnus25/dependencies-yaml/dependecy.go:202.35,203.39 1 1
github.com/nXnus25/dependencies-yaml/dependecy.go:204.29,205.33 1 1
github.com/nXnus25/dependencies-yaml/dependecy.go:206.17,207.21 1 1
github.com/nXnus25/dependencies-yaml/dependecy.go:208.16,209.20 1 1
github.com/nXnus25/dependencies-yaml/dependecy.go:210.18,211.22 1 1
github.com/nXnus25/dependencies-yaml/dependecy.go:212.15,213.19 1 1
github.com/nXnus25/dependencies-yaml/dependecy.go:214.18,215.22 1 1
github.com/nXnus25/dependencies-yaml/dependecy.go:216.17,217.21 1 1
github.com/nXnus25/dependencies-yaml/dependecy.go:218.26,219.30 1 1
github.com/nXnus25/dependencies-yaml/dependecy.go:220.24,221.28 1 1
github.com/nXnus25/dependencies-yaml/dependecy.go:222.22,223.26 1 1
github.com/nXnus25/dependencies-yaml/dependecy.go:224.15,225.19 1 1
github.com/nXnus25/dependencies-yaml/dependecy.go:226.25,227.28 1 1
github.com/nXnus25/dependencies-yaml/dependecy.go:228.27,229.31 1 1
github.com/nXnus25/dependencies-yaml/dependecy.go:230.34,231.38 1 1
github.com/nXnus25/dependencies-yaml/dependecy.go:232.32,233.36 1 1
github.com/nXnus25/dependencies-yaml/dependecy.go:234.13,235.17 1 1
github.com/nXnus25/dependencies-yaml/dependecy.go:236.36,237.40 1 1
github.com/nXnus25/dependencies-yaml/dependecy.go:238.10,239.19 1 0
github.com/nXnus25/dependencies-yaml/main.go:7.13,9.16 2 0
github.com/nXnus25/dependencies-yaml/main.go:12.2,16.25 4 0
github.com/nXnus25/dependencies-yaml/main.go:9.16,11.3 1 0
